<?xml version="1.0" encoding="UTF-8"?>
<!-- Generated by org.testng.reporters.JUnitReportReporter -->
<testsuite skipped="1" hostname="ArvindhshansMBP.hsd1.pa.comcast.net" name="test.TestCase" tests="2" failures="0" timestamp="2020-04-25T22:43:08 EDT" time="21.063" errors="0">
  <testcase name="search" time="21.063" classname="test.TestCase"/>
  <testcase name="magentoRegister" classname="test.TestCase">
    <skipped/>
  </testcase> <!-- magentoRegister -->
</testsuite> <!-- test.TestCase -->
